Arguments: 
  C:\Program Files\nodejs\node.exe C:\Users\gold2\AppData\Roaming\npm\node_modules\yarn\bin\yarn.js init

PATH: 
  C:\Users\gold2\bin;C:\Program Files\Git\mingw64\bin;C:\Program Files\Git\usr\local\bin;C:\Program Files\Git\usr\bin;C:\Program Files\Git\usr\bin;C:\Program Files\Git\mingw64\bin;C:\Program Files\Git\usr\bin;C:\Users\gold2\bin;C:\WINDOWS\system32;C:\WINDOWS;C:\WINDOWS\System32\Wbem;C:\WINDOWS\System32\WindowsPowerShell\v1.0;C:\Program Files\Intel\WiFi\bin;C:\Program Files\Common Files\Intel\WirelessCommon;C:\WINDOWS\System32\OpenSSH;C:\Program Files (x86)\Intel\Intel(R) Management Engine Components\DAL;C:\Program Files\Intel\Intel(R) Management Engine Components\DAL;C:\Program Files\nodejs;C:\Users\gold2\AppData\Local\Microsoft\WindowsApps;C:\Users\gold2\AppData\Local\Programs\Microsoft VS Code\bin;C:\Users\gold2\AppData\Roaming\npm;C:\Program Files\Git\usr\bin\vendor_perl;C:\Program Files\Git\usr\bin\core_perl

Yarn version: 
  1.22.17

Node version: 
  16.13.2

Platform: 
  win32 x64

Trace: 
  Error: Can't answer a question unless a user TTY
      at ConsoleReporter.question (C:\Users\gold2\AppData\Roaming\npm\node_modules\yarn\lib\cli.js:96935:59)
      at Object.<anonymous> (C:\Users\gold2\AppData\Roaming\npm\node_modules\yarn\lib\cli.js:89125:38)
      at Generator.next (<anonymous>)
      at step (C:\Users\gold2\AppData\Roaming\npm\node_modules\yarn\lib\cli.js:310:30)
      at C:\Users\gold2\AppData\Roaming\npm\node_modules\yarn\lib\cli.js:321:13

npm manifest: 
  {
    "name": "stripe-sample",
    "version": "0.1.0",
    "dependencies": {
      "@stripe/react-stripe-js": "^1.0.0",
      "@stripe/stripe-js": "^1.0.0",
      "express": "^4.17.1",
      "react": "^16.9.0",
      "react-dom": "^16.9.0",
      "react-scripts": "^3.4.0",
      "stripe": "^8.202.0"
    },
    "devDependencies": {
      "concurrently": "4.1.2"
    },
    "homepage": "http://localhost:3000/checkout",
    "proxy": "http://localhost:4242",
    "scripts": {
      "start-client": "react-scripts start",
      "start-server": "node server.js",
      "build": "react-scripts build",
      "test": "react-scripts test",
      "eject": "react-scripts eject",
      "start": "concurrently \"yarn start-client\" \"yarn start-server\""
    },
    "eslintConfig": {
      "extends": "react-app"
    },
    "browserslist": {
      "production": [
        ">0.2%",
        "not dead",
        "not op_mini all"
      ],
      "development": [
        "last 1 chrome version",
        "last 1 firefox version",
        "last 1 safari version"
      ]
    }
  }

yarn manifest: 
  No manifest

Lockfile: 
  No lockfile
